e:\dropbox\src\foxbot_test\release\foxbot.bsc
e:\dropbox\src\foxbot_test\release\vc141.pdb
e:\dropbox\src\foxbot_test\release\bot.sbr
e:\dropbox\src\foxbot_test\release\bot_client.sbr
e:\dropbox\src\foxbot_test\release\bot_combat.sbr
e:\dropbox\src\foxbot_test\release\bot_job_assessors.sbr
e:\dropbox\src\foxbot_test\release\bot_job_functions.sbr
e:\dropbox\src\foxbot_test\release\bot_job_think.sbr
e:\dropbox\src\foxbot_test\release\bot_navigate.sbr
e:\dropbox\src\foxbot_test\release\bot_start.sbr
e:\dropbox\src\foxbot_test\release\botcam.sbr
e:\dropbox\src\foxbot_test\release\dll.sbr
e:\dropbox\src\foxbot_test\release\engine.sbr
e:\dropbox\src\foxbot_test\release\h_export.sbr
e:\dropbox\src\foxbot_test\release\linkfunc.sbr
e:\dropbox\src\foxbot_test\release\meta_api.sbr
e:\dropbox\src\foxbot_test\release\sdk_util.sbr
e:\dropbox\src\foxbot_test\release\util.sbr
e:\dropbox\src\foxbot_test\release\waypoint.sbr
e:\dropbox\src\foxbot_test\release\waypoint.obj
e:\dropbox\src\foxbot_test\release\util.obj
e:\dropbox\src\foxbot_test\release\sdk_util.obj
e:\dropbox\src\foxbot_test\release\meta_api.obj
e:\dropbox\src\foxbot_test\release\linkfunc.obj
e:\dropbox\src\foxbot_test\release\h_export.obj
e:\dropbox\src\foxbot_test\release\engine.obj
e:\dropbox\src\foxbot_test\release\dll.obj
e:\dropbox\src\foxbot_test\release\botcam.obj
e:\dropbox\src\foxbot_test\release\bot_start.obj
e:\dropbox\src\foxbot_test\release\bot_navigate.obj
e:\dropbox\src\foxbot_test\release\bot_job_think.obj
e:\dropbox\src\foxbot_test\release\bot_job_functions.obj
e:\dropbox\src\foxbot_test\release\bot_job_assessors.obj
e:\dropbox\src\foxbot_test\release\bot_combat.obj
e:\dropbox\src\foxbot_test\release\bot_client.obj
e:\dropbox\src\foxbot_test\release\bot.obj
e:\dropbox\src\foxbot_test\release\foxbot.lib
e:\dropbox\src\foxbot_test\release\foxbot.exp
e:\dropbox\src\foxbot_test\release\foxbot.dll
e:\dropbox\src\foxbot_test\release\res_fox.res
e:\dropbox\src\foxbot_test\release\foxbot.tlog\bscmake.command.1.tlog
e:\dropbox\src\foxbot_test\release\foxbot.tlog\bscmake.read.1.tlog
e:\dropbox\src\foxbot_test\release\foxbot.tlog\bscmake.write.1.tlog
e:\dropbox\src\foxbot_test\release\foxbot.tlog\cl.command.1.tlog
e:\dropbox\src\foxbot_test\release\foxbot.tlog\cl.read.1.tlog
e:\dropbox\src\foxbot_test\release\foxbot.tlog\cl.write.1.tlog
e:\dropbox\src\foxbot_test\release\foxbot.tlog\foxbot.write.1u.tlog
e:\dropbox\src\foxbot_test\release\foxbot.tlog\link.command.1.tlog
e:\dropbox\src\foxbot_test\release\foxbot.tlog\link.read.1.tlog
e:\dropbox\src\foxbot_test\release\foxbot.tlog\link.write.1.tlog
e:\dropbox\src\foxbot_test\release\foxbot.tlog\rc.command.1.tlog
e:\dropbox\src\foxbot_test\release\foxbot.tlog\rc.read.1.tlog
e:\dropbox\src\foxbot_test\release\foxbot.tlog\rc.write.1.tlog
